Change Component Designator: Old Designator=C20 New Designator=C1
Change Component Designator: Old Designator=C21 New Designator=C2
Change Component Designator: Old Designator=C22 New Designator=C3
Change Component Designator: Old Designator=C23 New Designator=C4
Change Component Designator: Old Designator=C24 New Designator=C5
Change Component Designator: Old Designator=C25 New Designator=C6
Change Component Designator: Old Designator=C26 New Designator=C7
Change Component Designator: Old Designator=C27 New Designator=C8
Change Component Designator: Old Designator=C28 New Designator=C9
Change Component Designator: Old Designator=C29 New Designator=C10
Change Component Designator: Old Designator=IC4 New Designator=IC1
Change Component Designator: Old Designator=L2 New Designator=L1
Change Component Designator: Old Designator=L3 New Designator=L2
Change Component Designator: Old Designator=L4 New Designator=L3
Change Component Designator: Old Designator=R13 New Designator=R1
Change Component Designator: Old Designator=R13 New Designator=R2
Change Component Designator: Old Designator=R14 New Designator=R3
Change Component Designator: Old Designator=R15 New Designator=R4
Change Component Designator: Old Designator=R16 New Designator=R5
Change Component Designator: Old Designator=R17 New Designator=R6
Change Component Designator: Old Designator=R18 New Designator=R7
Change Component Designator: Old Designator=R19 New Designator=R8
Change Component Designator: Old Designator=R20 New Designator=R9
Change Component Designator: Old Designator=R21 New Designator=R10
Change Component Designator: Old Designator=R22 New Designator=R11
Change Component Designator: Old Designator=TP9 New Designator=TP1
Change Component Designator: Old Designator=TP10 New Designator=TP2
Change Component Designator: Old Designator=TP11 New Designator=TP3
Change Component Designator: Old Designator=TP12 New Designator=TP4
Change Component Designator: Old Designator=U2 New Designator=U1
