Removed Pin From Net: NetName=AD0 Pin=C1-1
Removed Pin From Net: NetName=AD0 Pin=C3-2
Removed Pin From Net: NetName=VBAT Pin=C13-1
Removed Pin From Net: NetName=MCU_SWDIO Pin=H1-1
Removed Pin From Net: NetName=MCU_SWCLK Pin=H1-2
Removed Pin From Net: NetName=LOG_MCU_TX Pin=H2-1
Removed Pin From Net: NetName=LOG_MCU_RX Pin=H2-2
Removed Pin From Net: NetName=GPS_MCU_TX Pin=H4-1
Removed Pin From Net: NetName=GPS_MCU_RX Pin=H4-2
Removed Pin From Net: NetName=LTE_MCU_RX Pin=H5-1
Removed Pin From Net: NetName=LTE_MCU_TX Pin=H5-2
Removed Pin From Net: NetName=AD0 Pin=H6-1
Removed Pin From Net: NetName=VBAT Pin=IC1-3
Removed Pin From Net: NetName=VBAT Pin=JP2-7
Removed Pin From Net: NetName=VIN Pin=JP3-7
Removed Pin From Net: NetName=MCU_3V3 Pin=JP4-1
Removed Pin From Net: NetName=AD0 Pin=JP4-4
Removed Pin From Net: NetName=NetC15_1 Pin=Q1-1
Removed Pin From Net: NetName=AD0 Pin=R2-2
Removed Pin From Net: NetName=AD0 Pin=R12-2
Removed Pin From Net: NetName=AD0 Pin=TP7-1
Removed Pin From Net: NetName=AD0 Pin=TP12-1
Removed Pin From Net: NetName=GPS_PWR_EN Pin=U2-10
Removed Pin From Net: NetName=LTE_MCU_RX Pin=U2-29
Removed Member From Class: ClassName=Sheet1 Member=C1
Removed Member From Class: ClassName=Sheet1 Member=C3
Removed Member From Class: ClassName=Sheet3 Member=C30
Removed Member From Class: ClassName=Sheet1 Member=H6
Removed Member From Class: ClassName=Sheet3 Member=Q2
Removed Member From Class: ClassName=Sheet1 Member=R2
Removed Member From Class: ClassName=Sheet1 Member=R3
Removed Member From Class: ClassName=Sheet2 Member=R12
Removed Member From Class: ClassName=Sheet2 Member=R16
Removed Member From Class: ClassName=Sheet2 Member=R18
Removed Member From Class: ClassName=Sheet2 Member=R19
Removed Member From Class: ClassName=Sheet3 Member=R23
Removed Member From Class: ClassName=Sheet3 Member=R24
Removed Member From Class: ClassName=Sheet1 Member=TP7
Removed Member From Class: ClassName=Sheet2 Member=TP9
Removed Member From Class: ClassName=Sheet2 Member=TP10
Removed Member From Class: ClassName=Sheet2 Member=TP11
Removed Member From Class: ClassName=Sheet2 Member=TP12
Change Component Footprint: Designator=H1 Old Footprint=XH2.54M-2 New Footprint=Header 3P DC 2.54
Change Component Footprint: Designator=H2 Old Footprint=XH2.54M-2 New Footprint=Header 3P DC 2.54
Change Component Footprint: Designator=H5 Old Footprint=XH2.54M-2 New Footprint=Header 3P DC 2.54
Change Component Comment : Designator=H1 Old Comment=Header N?P New Comment=Header N?p
Change Component Comment : Designator=H5 Old Comment=HEAD LTE New Comment=Header LTE
Change Component Comment : Designator=TP9 Old Comment=TP New Comment=BAT_IN-
Change Component Designator: OldDesignator=C2 NewDesignator=C13
Change Component Designator: OldDesignator=C4 NewDesignator=C15
Change Component Designator: OldDesignator=C5 NewDesignator=C16
Change Component Designator: OldDesignator=C6 NewDesignator=C17
Change Component Designator: OldDesignator=C7 NewDesignator=C18
Change Component Designator: OldDesignator=C8 NewDesignator=C19
Change Component Designator: OldDesignator=C9 NewDesignator=C20
Change Component Designator: OldDesignator=C10 NewDesignator=C21
Change Component Designator: OldDesignator=C11 NewDesignator=C22
Change Component Designator: OldDesignator=C12 NewDesignator=C23
Change Component Designator: OldDesignator=C13 NewDesignator=C24
Change Component Designator: OldDesignator=C14 NewDesignator=C25
Change Component Designator: OldDesignator=C15 NewDesignator=C26
Change Component Designator: OldDesignator=C16 NewDesignator=C27
Change Component Designator: OldDesignator=C17 NewDesignator=C28
Change Component Designator: OldDesignator=C18 NewDesignator=C29
Change Component Designator: OldDesignator=C19 NewDesignator=C30
Change Component Designator: OldDesignator=C20 NewDesignator=C1
Change Component Designator: OldDesignator=C21 NewDesignator=C2
Change Component Designator: OldDesignator=C22 NewDesignator=C3
Change Component Designator: OldDesignator=C23 NewDesignator=C4
Change Component Designator: OldDesignator=C24 NewDesignator=C5
Change Component Designator: OldDesignator=C25 NewDesignator=C6
Change Component Designator: OldDesignator=C26 NewDesignator=C7
Change Component Designator: OldDesignator=C27 NewDesignator=C8
Change Component Designator: OldDesignator=C28 NewDesignator=C9
Change Component Designator: OldDesignator=C29 NewDesignator=C10
Change Component Designator: OldDesignator=C32 NewDesignator=C11
Change Component Designator: OldDesignator=H3 NewDesignator=H4
Change Component Designator: OldDesignator=IC1 NewDesignator=IC2
Change Component Designator: OldDesignator=IC2 NewDesignator=IC3
Change Component Designator: OldDesignator=IC3 NewDesignator=IC4
Change Component Designator: OldDesignator=IC4 NewDesignator=IC1
Change Component Designator: OldDesignator=L1 NewDesignator=L4
Change Component Designator: OldDesignator=L2 NewDesignator=L1
Change Component Designator: OldDesignator=L3 NewDesignator=L2
Change Component Designator: OldDesignator=L4 NewDesignator=L3
Change Component Designator: OldDesignator=Q1 NewDesignator=Q2
Change Component Designator: OldDesignator=Q4 NewDesignator=Q1
Change Component Designator: OldDesignator=R1 NewDesignator=R14
Change Component Designator: OldDesignator=R4 NewDesignator=R16
Change Component Designator: OldDesignator=R5 NewDesignator=R17
Change Component Designator: OldDesignator=R6 NewDesignator=R19
Change Component Designator: OldDesignator=R7 NewDesignator=R20
Change Component Designator: OldDesignator=R8 NewDesignator=R21
Change Component Designator: OldDesignator=R9 NewDesignator=R18
Change Component Designator: OldDesignator=R10 NewDesignator=R22
Change Component Designator: OldDesignator=R11 NewDesignator=R23
Change Component Designator: OldDesignator=R13 NewDesignator=R2
Change Component Designator: OldDesignator=R14 NewDesignator=R3
Change Component Designator: OldDesignator=R15 NewDesignator=R4
Change Component Designator: OldDesignator=R17 NewDesignator=R5
Change Component Designator: OldDesignator=R20 NewDesignator=R7
Change Component Designator: OldDesignator=R21 NewDesignator=R8
Change Component Designator: OldDesignator=R22 NewDesignator=R6
Change Component Designator: OldDesignator=R30 NewDesignator=R12
Change Component Designator: OldDesignator=TP1 NewDesignator=TP6
Change Component Designator: OldDesignator=TP2 NewDesignator=TP7
Change Component Designator: OldDesignator=TP3 NewDesignator=TP8
Change Component Designator: OldDesignator=TP4 NewDesignator=TP9
Change Component Designator: OldDesignator=TP5 NewDesignator=TP10
Change Component Designator: OldDesignator=TP6 NewDesignator=TP11
Change Component Designator: OldDesignator=TP8 NewDesignator=TP12
Change Component Designator: OldDesignator=U1 NewDesignator=U2
Change Component Designator: OldDesignator=U2 NewDesignator=U1
Change component parameters: Designator = "H1" ("H1"); Footprint = "XH2.54M-2"; UniqueID = "\JXZGFQPE" ("\JXZGFQPE")
Change component parameters (AddParameter): Name = "Chung_Loai"; Value = "C?m"; VariantName = "[No Variations]"
Change component parameters (AddParameter): Name = "Don_Vi"; Value = "Con"; VariantName = "[No Variations]"
Change component parameters (AddParameter): Name = "Ghi_Chu"; Value = ""; VariantName = "[No Variations]"
Change component parameters (AddParameter): Name = "Kieu_Chan"; Value = ""; VariantName = "[No Variations]"
Change component parameters (AddParameter): Name = "Ma_Hang"; Value = "MH001302"; VariantName = "[No Variations]"
Change component parameters (AddParameter): Name = "Ten_Linh_Kien"; Value = "Header 3P XH2.54-3P Ð?c Cong"; VariantName = "[No Variations]"
Change component parameters: Designator = "H2" ("H2"); Footprint = "XH2.54M-2"; UniqueID = "\URNFQIJI" ("\URNFQIJI")
Change component parameters (AddParameter): Name = "Chung_Loai"; Value = "C?m"; VariantName = "[No Variations]"
Change component parameters (AddParameter): Name = "Don_Vi"; Value = "Con"; VariantName = "[No Variations]"
Change component parameters (AddParameter): Name = "Ghi_Chu"; Value = ""; VariantName = "[No Variations]"
Change component parameters (AddParameter): Name = "Kieu_Chan"; Value = ""; VariantName = "[No Variations]"
Change component parameters (AddParameter): Name = "Ma_Hang"; Value = "MH001302"; VariantName = "[No Variations]"
Change component parameters (AddParameter): Name = "Ten_Linh_Kien"; Value = "Header 3P XH2.54-3P Ð?c Cong"; VariantName = "[No Variations]"
Change component parameters: Designator = "H5" ("H5"); Footprint = "XH2.54M-2"; UniqueID = "\HAMGKDCQ" ("\HAMGKDCQ")
Change component parameters (AddParameter): Name = "Chung_Loai"; Value = "C?m"; VariantName = "[No Variations]"
Change component parameters (AddParameter): Name = "Don_Vi"; Value = "Con"; VariantName = "[No Variations]"
Change component parameters (AddParameter): Name = "Ghi_Chu"; Value = ""; VariantName = "[No Variations]"
Change component parameters (AddParameter): Name = "Kieu_Chan"; Value = ""; VariantName = "[No Variations]"
Change component parameters (AddParameter): Name = "Ma_Hang"; Value = "MH001302"; VariantName = "[No Variations]"
Change component parameters (AddParameter): Name = "Ten_Linh_Kien"; Value = "Header 3P XH2.54-3P Ð?c Cong"; VariantName = "[No Variations]"
Added Component: Designator=H3(Header 3P DC 2.54)
Add component (AddParameter): Name = "Chung_Loai"; Value = "C?m"; VariantName = "[No Variations]"
Add component (AddParameter): Name = "Don_Vi"; Value = "Con"; VariantName = "[No Variations]"
Add component (AddParameter): Name = "Ghi_Chu"; Value = ""; VariantName = "[No Variations]"
Add component (AddParameter): Name = "Kieu_Chan"; Value = ""; VariantName = "[No Variations]"
Add component (AddParameter): Name = "Ma_Hang"; Value = "MH001302"; VariantName = "[No Variations]"
Add component (AddParameter): Name = "Ten_Linh_Kien"; Value = "Header 3P XH2.54-3P Ð?c Cong"; VariantName = "[No Variations]"
Added Component: Designator=R1(tro smd 0805)
Add component (AddParameter): Name = "Chung_Loai"; Value = "Dán"; VariantName = "[No Variations]"
Add component (AddParameter): Name = "Don_Vi"; Value = "Con"; VariantName = "[No Variations]"
Add component (AddParameter): Name = "Kieu_Chan"; Value = ""; VariantName = "[No Variations]"
Add component (AddParameter): Name = "Ma_Hang"; Value = "MH005239"; VariantName = "[No Variations]"
Add component (AddParameter): Name = "So_Chan"; Value = "2"; VariantName = "[No Variations]"
Add component (AddParameter): Name = "Ten_Linh_Kien"; Value = "Tr? 0805 5% 10k"; VariantName = "[No Variations]"
Added Component: Designator=TP8(TP1)
Add component (AddParameter): Name = "Value"; Value = "Test Point"; VariantName = "[No Variations]"
Added Component: Designator=TP8(TP1)
Add component (AddParameter): Name = "Value"; Value = "Test Point"; VariantName = "[No Variations]"
Added Pin To Net: NetName=AD0 Pin=H1-1
Added Pin To Net: NetName=MCU_SWDIO Pin=H1-2
Added Pin To Net: NetName=MCU_SWCLK Pin=H1-3
Added Pin To Net: NetName=AD0 Pin=H2-1
Added Pin To Net: NetName=LOG_MCU_TX Pin=H2-2
Added Pin To Net: NetName=LOG_MCU_RX Pin=H2-3
Added Pin To Net: NetName=AD0 Pin=H3-1
Added Pin To Net: NetName=GPS_MCU_TX Pin=H3-2
Added Pin To Net: NetName=GPS_MCU_RX Pin=H3-3
Added Pin To Net: NetName=AD0 Pin=H5-1
Added Pin To Net: NetName=LTE_MCU_RX Pin=H5-2
Added Pin To Net: NetName=LTE_MCU_TX Pin=H5-3
Added Pin To Net: NetName=GPS_PWR_EN Pin=IC4-3
Added Pin To Net: NetName=MCU_SDA Pin=JP1-5
Added Pin To Net: NetName=MCU_SCL Pin=JP1-6
Added Pin To Net: NetName=MCU_3V3 Pin=JP2-7
Added Pin To Net: NetName=BAT Pin=JP3-7
Added Pin To Net: NetName=AD0 Pin=JP4-1
Added Pin To Net: NetName=MCU_3V3 Pin=JP4-4
Added Pin To Net: NetName=AD0 Pin=R1-1
Added Pin To Net: NetName=MCU_SCL Pin=R7-1
Added Pin To Net: NetName=MCU_SDA Pin=R8-1
Added Pin To Net: NetName=AD0 Pin=R18-2
Added Pin To Net: NetName=GPS_PWR_EN Pin=R23-2
Added Pin To Net: NetName=MCU_3V3 Pin=TP8-1
Added Pin To Net: NetName=AD0 Pin=TP9-1
Added Pin To Net: NetName=GPS_PWR_EN Pin=U1-5
Added Pin To Net: NetName=NetC32_1 Pin=U1-6
Added Pin To Net: NetName=MCU_3V3 Pin=U1-48
Change Net Name : Old Net Name=NetC4_1 New Net Name=NetC15_1
Change Net Name : Old Net Name=NetC15_1 New Net Name=NetC26_1
Change Net Name : Old Net Name=NetC24_1 New Net Name=NetC5_1
Change Net Name : Old Net Name=NetC32_1 New Net Name=SIM_PWR_EN
Change Net Name : Old Net Name=NetIC1_5 New Net Name=NetIC2_5
Change Net Name : Old Net Name=NetIC2_3 New Net Name=NetIC3_3
Change Net Name : Old Net Name=NetL1_1 New Net Name=NetL4_1
Change Net Name : Old Net Name=NetL2_2 New Net Name=NetL1_2
Change Net Name : Old Net Name=NetL3_2 New Net Name=NetL2_2
Change Net Name : Old Net Name=NetL4_2 New Net Name=NetL3_2
Change Net Name : Old Net Name=VIN New Net Name=+VIN
Added Pin To Net: NetName=BAT+ Pin=C24-1
Added Pin To Net: NetName=BAT+ Pin=D5-1
Added Pin To Net: NetName=BAT+ Pin=IC2-3
Added Pin To Net: NetName=BAT+ Pin=Q2-2
Added Pin To Net: NetName=BAT+ Pin=TP8-1
Added Pin To Net: NetName=BAT+ Pin=TP10-1
Added Net: Name=BAT+
Added Pin To Net: NetName=BOOT0 Pin=R1-2
Added Pin To Net: NetName=BOOT0 Pin=U1-44
Added Net: Name=BOOT0
Added Pin To Net: NetName=LTE_PCE Pin=JP3-5
Added Pin To Net: NetName=LTE_PCE Pin=U1-29
Added Net: Name=LTE_PCE
Added Pin To Net: NetName=LTE_RESET Pin=JP3-3
Added Pin To Net: NetName=LTE_RESET Pin=U1-28
Added Net: Name=LTE_RESET
Change Class Name : Old Net Name=Sheet1 New Net Name=PSU - BUCK, LDO, CHARGER
Change Class Name : Old Net Name=Sheet2 New Net Name=MCU
Change Class Name : Old Net Name=Sheet3 New Net Name=LTE,GPS
Added Member To Class: ClassName=MCU Member=Component R1 10k
Added Member To Class: ClassName=LTE,GPS Member=Component TP8 TP
Added Member To Class: ClassName=PSU - BUCK, LDO, CHARGER Member=Component TP9 BAT_IN-
Added Member To Class: ClassName=PSU - BUCK, LDO, CHARGER Member=Component TP12 TP
Change Room Name: Old Name=Sheet3 New Name=PSU - BUCK, LDO, CHARGER
Change Room Scope: Old Scope=InComponentClass('Sheet3') New Scope=InComponentClass('PSU - BUCK, LDO, CHARGER')
Added Room: Name=LTE,GPS
Added Room: Name=MCU
