Removed Member From Class: ClassName=PSU - BUCK, LDO, CHARGER Member=TP12
Change Component Designator: OldDesignator=C13 NewDesignator=C12
Change Component Designator: OldDesignator=C15 NewDesignator=C13
Change Component Designator: OldDesignator=C16 NewDesignator=C14
Change Component Designator: OldDesignator=C17 NewDesignator=C15
Change Component Designator: OldDesignator=C18 NewDesignator=C16
Change Component Designator: OldDesignator=C19 NewDesignator=C17
Change Component Designator: OldDesignator=C20 NewDesignator=C18
Change Component Designator: OldDesignator=C21 NewDesignator=C19
Change Component Designator: OldDesignator=C22 NewDesignator=C20
Change Component Designator: OldDesignator=C23 NewDesignator=C21
Change Component Designator: OldDesignator=C24 NewDesignator=C22
Change Component Designator: OldDesignator=C25 NewDesignator=C23
Change Component Designator: OldDesignator=C26 NewDesignator=C24
Change Component Designator: OldDesignator=C27 NewDesignator=C25
Change Component Designator: OldDesignator=C28 NewDesignator=C26
Change Component Designator: OldDesignator=C29 NewDesignator=C27
Change Component Designator: OldDesignator=C30 NewDesignator=C28
Change Component Designator: OldDesignator=H? NewDesignator=H1
Change Component Designator: OldDesignator=H? NewDesignator=H2
Change Component Designator: OldDesignator=H? NewDesignator=H3
Change Component Designator: OldDesignator=H? NewDesignator=H5
Change Component Designator: OldDesignator=R12 NewDesignator=R9
Change Component Designator: OldDesignator=R14 NewDesignator=R10
Change Component Designator: OldDesignator=R16 NewDesignator=R11
Change Component Designator: OldDesignator=R17 NewDesignator=R12
Change Component Designator: OldDesignator=R18 NewDesignator=R13
Change Component Designator: OldDesignator=R19 NewDesignator=R14
Change Component Designator: OldDesignator=R20 NewDesignator=R15
Change Component Designator: OldDesignator=R21 NewDesignator=R16
Change Component Designator: OldDesignator=R22 NewDesignator=R17
Change Component Designator: OldDesignator=R23 NewDesignator=R18
Change Component Designator: OldDesignator=TP6 NewDesignator=TP4
Change Component Designator: OldDesignator=TP7 NewDesignator=TP5
Change Component Designator: OldDesignator=TP8 NewDesignator=TP1
Change Component Designator: OldDesignator=TP8 NewDesignator=TP2
Change Component Designator: OldDesignator=TP8 NewDesignator=TP6
Change Component Designator: OldDesignator=TP9 NewDesignator=TP3
Change Component Designator: OldDesignator=TP9 NewDesignator=TP7
Change Component Designator: OldDesignator=TP10 NewDesignator=TP8
Change Component Designator: OldDesignator=TP11 NewDesignator=TP9
Change Component Designator: OldDesignator=TP12 NewDesignator=TP10
Change Net Name : Old Net Name=NetC15_1 New Net Name=NetC13_1
Change Net Name : Old Net Name=NetC26_1 New Net Name=NetC24_1
Added Member To Class: ClassName=PSU - BUCK, LDO, CHARGER Member=Component H1 Header N?p
Added Member To Class: ClassName=PSU - BUCK, LDO, CHARGER Member=Component H2 Header LOG
Added Member To Class: ClassName=PSU - BUCK, LDO, CHARGER Member=Component H3 Header GPS
Added Member To Class: ClassName=PSU - BUCK, LDO, CHARGER Member=Component TP2 BAT_IN+
Added Member To Class: ClassName=PSU - BUCK, LDO, CHARGER Member=Component TP6 TP
Added Member To Class: ClassName=PSU - BUCK, LDO, CHARGER Member=Component TP7 TP
