Removed Pin From Net: NetName=AD0 Pin=H1-1
Removed Pin From Net: NetName=MCU_SWDIO Pin=H1-2
Removed Pin From Net: NetName=MCU_SWCLK Pin=H1-3
Removed Pin From Net: NetName=AD0 Pin=H2-1
Removed Pin From Net: NetName=LOG_MCU_TX Pin=H2-2
Removed Pin From Net: NetName=LOG_MCU_RX Pin=H2-3
Removed Pin From Net: NetName=AD0 Pin=H3-1
Removed Pin From Net: NetName=GPS_MCU_TX Pin=H3-2
Removed Pin From Net: NetName=GPS_MCU_RX Pin=H3-3
Removed Pin From Net: NetName=AD0 Pin=H5-1
Removed Pin From Net: NetName=LTE_MCU_RX Pin=H5-2
Removed Pin From Net: NetName=LTE_MCU_TX Pin=H5-3
Removed Member From Class: ClassName=PSU - BUCK, LDO, CHARGER Member=C2
Removed Member From Class: ClassName=PSU - BUCK, LDO, CHARGER Member=C4
Removed Member From Class: ClassName=PSU - BUCK, LDO, CHARGER Member=C6
Removed Member From Class: ClassName=PSU - BUCK, LDO, CHARGER Member=C8
Removed Member From Class: ClassName=PSU - BUCK, LDO, CHARGER Member=C10
Removed Member From Class: ClassName=MCU Member=C16
Removed Member From Class: ClassName=MCU Member=C18
Removed Member From Class: ClassName=MCU Member=C20
Removed Member From Class: ClassName=PSU - BUCK, LDO, CHARGER Member=H1
Removed Member From Class: ClassName=PSU - BUCK, LDO, CHARGER Member=H2
Removed Member From Class: ClassName=PSU - BUCK, LDO, CHARGER Member=H5
Removed Member From Class: ClassName=MCU Member=IC2
Removed Member From Class: ClassName=MCU Member=L4
Removed Member From Class: ClassName=PSU - BUCK, LDO, CHARGER Member=R5
Removed Member From Class: ClassName=PSU - BUCK, LDO, CHARGER Member=R7
Removed Member From Class: ClassName=PSU - BUCK, LDO, CHARGER Member=R8
Removed Member From Class: ClassName=PSU - BUCK, LDO, CHARGER Member=U1
Added Component: Designator=H?(XH2.54M-3)
Add component (AddParameter): Name = "Chung_Loai"; Value = "C?m"; VariantName = "[No Variations]"
Add component (AddParameter): Name = "Don_Vi"; Value = "Con"; VariantName = "[No Variations]"
Add component (AddParameter): Name = "Ghi_Chu"; Value = ""; VariantName = "[No Variations]"
Add component (AddParameter): Name = "Kieu_Chan"; Value = ""; VariantName = "[No Variations]"
Add component (AddParameter): Name = "Ma_Hang"; Value = "MH001292"; VariantName = "[No Variations]"
Add component (AddParameter): Name = "Ten_Linh_Kien"; Value = "Header 3P XH2.54-3P Ð?c Th?ng"; VariantName = "[No Variations]"
Added Component: Designator=H?(XH2.54M-3)
Add component (AddParameter): Name = "Chung_Loai"; Value = "C?m"; VariantName = "[No Variations]"
Add component (AddParameter): Name = "Don_Vi"; Value = "Con"; VariantName = "[No Variations]"
Add component (AddParameter): Name = "Ghi_Chu"; Value = ""; VariantName = "[No Variations]"
Add component (AddParameter): Name = "Kieu_Chan"; Value = ""; VariantName = "[No Variations]"
Add component (AddParameter): Name = "Ma_Hang"; Value = "MH001292"; VariantName = "[No Variations]"
Add component (AddParameter): Name = "Ten_Linh_Kien"; Value = "Header 3P XH2.54-3P Ð?c Th?ng"; VariantName = "[No Variations]"
Added Component: Designator=H?(XH2.54M-3)
Add component (AddParameter): Name = "Chung_Loai"; Value = "C?m"; VariantName = "[No Variations]"
Add component (AddParameter): Name = "Don_Vi"; Value = "Con"; VariantName = "[No Variations]"
Add component (AddParameter): Name = "Ghi_Chu"; Value = ""; VariantName = "[No Variations]"
Add component (AddParameter): Name = "Kieu_Chan"; Value = ""; VariantName = "[No Variations]"
Add component (AddParameter): Name = "Ma_Hang"; Value = "MH001292"; VariantName = "[No Variations]"
Add component (AddParameter): Name = "Ten_Linh_Kien"; Value = "Header 3P XH2.54-3P Ð?c Th?ng"; VariantName = "[No Variations]"
Added Component: Designator=H?(XH2.54M-3)
Add component (AddParameter): Name = "Chung_Loai"; Value = "C?m"; VariantName = "[No Variations]"
Add component (AddParameter): Name = "Don_Vi"; Value = "Con"; VariantName = "[No Variations]"
Add component (AddParameter): Name = "Ghi_Chu"; Value = ""; VariantName = "[No Variations]"
Add component (AddParameter): Name = "Kieu_Chan"; Value = ""; VariantName = "[No Variations]"
Add component (AddParameter): Name = "Ma_Hang"; Value = "MH001292"; VariantName = "[No Variations]"
Add component (AddParameter): Name = "Ten_Linh_Kien"; Value = "Header 3P XH2.54-3P Ð?c Th?ng"; VariantName = "[No Variations]"
Added Pin To Net: NetName=AD0 Pin=H?-1
Added Pin To Net: NetName=AD0 Pin=H?-1
Added Pin To Net: NetName=AD0 Pin=H?-1
Added Pin To Net: NetName=AD0 Pin=H?-1
Added Pin To Net: NetName=GPS_MCU_TX Pin=H?-2
Added Pin To Net: NetName=LOG_MCU_TX Pin=H?-2
Added Pin To Net: NetName=LTE_MCU_RX Pin=H?-2
Added Pin To Net: NetName=MCU_SWDIO Pin=H?-2
Added Pin To Net: NetName=GPS_MCU_RX Pin=H?-3
Added Pin To Net: NetName=LOG_MCU_RX Pin=H?-3
Added Pin To Net: NetName=LTE_MCU_TX Pin=H?-3
Added Pin To Net: NetName=MCU_SWCLK Pin=H?-3
Added Member To Class: ClassName=MCU Member=Component C1 104
Added Member To Class: ClassName=MCU Member=Component C3 104
Added Member To Class: ClassName=MCU Member=Component C5 104
Added Member To Class: ClassName=MCU Member=Component C7 104
Added Member To Class: ClassName=MCU Member=Component C9 104
Added Member To Class: ClassName=PSU - BUCK, LDO, CHARGER Member=Component C13 104
Added Member To Class: ClassName=PSU - BUCK, LDO, CHARGER Member=Component C15 100uF
Added Member To Class: ClassName=PSU - BUCK, LDO, CHARGER Member=Component C17 104
Added Member To Class: ClassName=PSU - BUCK, LDO, CHARGER Member=Component C19 104
Added Member To Class: ClassName=PSU - BUCK, LDO, CHARGER Member=Component C21 104
Added Member To Class: ClassName=PSU - BUCK, LDO, CHARGER Member=Component C23 4.7uF
Added Member To Class: ClassName=PSU - BUCK, LDO, CHARGER Member=Component C25 4.7uF
Added Member To Class: ClassName=PSU - BUCK, LDO, CHARGER Member=Component C27 4.7uF
Added Member To Class: ClassName=PSU - BUCK, LDO, CHARGER Member=Component C29 104
Added Member To Class: ClassName=PSU - BUCK, LDO, CHARGER Member=Component C30 4.7uF
Added Member To Class: ClassName=PSU - BUCK, LDO, CHARGER Member=Component H4 Header 2P
Added Member To Class: ClassName=PSU - BUCK, LDO, CHARGER Member=Component H? Header LOG
Added Member To Class: ClassName=PSU - BUCK, LDO, CHARGER Member=Component H? Header LTE
Added Member To Class: ClassName=PSU - BUCK, LDO, CHARGER Member=Component H? Header GPS
Added Member To Class: ClassName=PSU - BUCK, LDO, CHARGER Member=Component H? Header N?p
Added Member To Class: ClassName=MCU Member=Component IC1 25Q16BVSIG
Added Member To Class: ClassName=PSU - BUCK, LDO, CHARGER Member=Component IC3 TLV70233DBVR
Added Member To Class: ClassName=MCU Member=Component L1 LED 0805
Added Member To Class: ClassName=MCU Member=Component L3 LED 0805
Added Member To Class: ClassName=PSU - BUCK, LDO, CHARGER Member=Component Q2 IRF3709
Added Member To Class: ClassName=MCU Member=Component R1 10k
Added Member To Class: ClassName=MCU Member=Component R2 1k
Added Member To Class: ClassName=MCU Member=Component R3 1k
Added Member To Class: ClassName=MCU Member=Component R6 10k
Added Member To Class: ClassName=LTE,GPS Member=Component R12 220k
Added Member To Class: ClassName=PSU - BUCK, LDO, CHARGER Member=Component R14 220k
Added Member To Class: ClassName=PSU - BUCK, LDO, CHARGER Member=Component R16 220k
Added Member To Class: ClassName=PSU - BUCK, LDO, CHARGER Member=Component R17 1k
Added Member To Class: ClassName=PSU - BUCK, LDO, CHARGER Member=Component R18 10k
Added Member To Class: ClassName=PSU - BUCK, LDO, CHARGER Member=Component R19 10k
Added Member To Class: ClassName=PSU - BUCK, LDO, CHARGER Member=Component R20 10k
Added Member To Class: ClassName=PSU - BUCK, LDO, CHARGER Member=Component R21 1k
Added Member To Class: ClassName=PSU - BUCK, LDO, CHARGER Member=Component R22 10k
Added Member To Class: ClassName=PSU - BUCK, LDO, CHARGER Member=Component R23 10k
Added Member To Class: ClassName=PSU - BUCK, LDO, CHARGER Member=Component TP6 TP
Added Member To Class: ClassName=PSU - BUCK, LDO, CHARGER Member=Component TP7 TP
Added Member To Class: ClassName=LTE,GPS Member=Component TP8 TP
Added Member To Class: ClassName=PSU - BUCK, LDO, CHARGER Member=Component TP8 TP
Added Member To Class: ClassName=PSU - BUCK, LDO, CHARGER Member=Component TP8 BAT_IN+
Added Member To Class: ClassName=PSU - BUCK, LDO, CHARGER Member=Component TP9 TP
Added Member To Class: ClassName=PSU - BUCK, LDO, CHARGER Member=Component TP10 TP
Added Member To Class: ClassName=PSU - BUCK, LDO, CHARGER Member=Component TP11 TP
Added Member To Class: ClassName=PSU - BUCK, LDO, CHARGER Member=Component TP12 TP
Added Member To Class: ClassName=PSU - BUCK, LDO, CHARGER Member=Component U2 78M05 SMD TO252
