Change Component Designator: Old Designator=C1 New Designator=C13
Change Component Designator: Old Designator=C2 New Designator=C14
Change Component Designator: Old Designator=C3 New Designator=C15
Change Component Designator: Old Designator=C4 New Designator=C16
Change Component Designator: Old Designator=C5 New Designator=C17
Change Component Designator: Old Designator=C6 New Designator=C18
Change Component Designator: Old Designator=C7 New Designator=C19
Change Component Designator: Old Designator=C8 New Designator=C20
Change Component Designator: Old Designator=C9 New Designator=C21
Change Component Designator: Old Designator=C10 New Designator=C22
Change Component Designator: Old Designator=C11 New Designator=C23
Change Component Designator: Old Designator=C12 New Designator=C24
Change Component Designator: Old Designator=C13 New Designator=C25
Change Component Designator: Old Designator=C14 New Designator=C26
Change Component Designator: Old Designator=C15 New Designator=C27
Change Component Designator: Old Designator=C16 New Designator=C28
Change Component Designator: Old Designator=C17 New Designator=C29
Change Component Designator: Old Designator=C18 New Designator=C30
Change Component Designator: Old Designator=C19 New Designator=C31
Change Component Designator: Old Designator=H3 New Designator=H4
Change Component Designator: Old Designator=H? New Designator=H1
Change Component Designator: Old Designator=H? New Designator=H2
Change Component Designator: Old Designator=H? New Designator=H3
Change Component Designator: Old Designator=H? New Designator=H5
Change Component Designator: Old Designator=IC1 New Designator=IC2
Change Component Designator: Old Designator=IC2 New Designator=IC3
Change Component Designator: Old Designator=IC3 New Designator=IC4
Change Component Designator: Old Designator=L1 New Designator=L4
Change Component Designator: Old Designator=Q1 New Designator=Q3
Change Component Designator: Old Designator=R1 New Designator=R15
Change Component Designator: Old Designator=R2 New Designator=R16
Change Component Designator: Old Designator=R3 New Designator=R17
Change Component Designator: Old Designator=R4 New Designator=R18
Change Component Designator: Old Designator=R5 New Designator=R19
Change Component Designator: Old Designator=R6 New Designator=R21
Change Component Designator: Old Designator=R7 New Designator=R22
Change Component Designator: Old Designator=R8 New Designator=R23
Change Component Designator: Old Designator=R9 New Designator=R20
Change Component Designator: Old Designator=R10 New Designator=R24
Change Component Designator: Old Designator=R11 New Designator=R25
Change Component Designator: Old Designator=TP1 New Designator=TP5
Change Component Designator: Old Designator=TP2 New Designator=TP6
Change Component Designator: Old Designator=TP3 New Designator=TP7
Change Component Designator: Old Designator=TP4 New Designator=TP8
Change Component Designator: Old Designator=TP5 New Designator=TP9
Change Component Designator: Old Designator=TP6 New Designator=TP10
Change Component Designator: Old Designator=TP8 New Designator=TP11
Change Component Designator: Old Designator=U1 New Designator=U2
